<?xml version="1.0" encoding="UTF-8"?>
<!-- Generated by org.testng.reporters.JUnitXMLReporter -->
<testsuite hostname="2S9ZQN2" ignored="0" name="Login guru on Chrome" tests="3" failures="0" timestamp="20 Apr 2019 07:33:01 GMT" time="50.048" errors="0">
  <testcase name="TC_031" time="7.356" classname="com.becow.testcases.UploadProductScripts"/>
  <testcase name="TC_032" time="6.038" classname="com.becow.testcases.UploadProductScripts"/>
  <testcase name="TC_033" time="6.407" classname="com.becow.testcases.UploadProductScripts"/>
</testsuite> <!-- Login guru on Chrome -->
