<?xml version="1.0" encoding="UTF-8"?>
<!-- Generated by org.testng.reporters.JUnitXMLReporter -->
<testsuite hostname="2S9ZQN2" ignored="0" name="Login guru on Chrome" tests="1" failures="1" timestamp="17 Apr 2019 18:29:42 GMT" time="16.244" errors="0">
  <testcase name="TC_012" time="1.632" classname="com.becow.testcases.UploadProductScripts">
    <failure type="java.lang.AssertionError" message="expected [Hãy chọn danh mục.] but found [Mô tả *]">
      <![CDATA[java.lang.AssertionError: expected [Hãy chọn danh mục.] but found [Mô tả *]
at CommonPage.CommonTestCase.verifyEqual(CommonTestCase.java:43)
at com.becow.testcases.UploadProductScripts.TC_012(UploadProductScripts.java:131)
at java.util.concurrent.FutureTask.run(Unknown Source)
at java.util.concurrent.ThreadPoolExecutor.runWorker(Unknown Source)
at java.util.concurrent.ThreadPoolExecutor$Worker.run(Unknown Source)
at java.lang.Thread.run(Unknown Source)
... Removed 22 stack frames]]>
    </failure>
  </testcase> <!-- TC_012 -->
</testsuite> <!-- Login guru on Chrome -->
