<?xml version="1.0" encoding="UTF-8"?>
<testng-results skipped="0" failed="0" ignored="0" total="3" passed="3">
  <reporter-output>
  </reporter-output>
  <suite name="Suite" duration-ms="50048" started-at="2019-04-20T07:32:11Z" finished-at="2019-04-20T07:33:01Z">
    <groups>
    </groups>
    <test name="Login guru on Chrome" duration-ms="50048" started-at="2019-04-20T07:32:11Z" finished-at="2019-04-20T07:33:01Z">
      <class name="com.becow.testcases.UploadProductScripts">
        <test-method status="PASS" signature="beforeClass(java.lang.String, java.lang.String, java.lang.String)[pri:0, instance:com.becow.testcases.UploadProductScripts@6a4f787b]" name="beforeClass" is-config="true" duration-ms="19702" started-at="2019-04-20T07:32:11Z" finished-at="2019-04-20T07:32:31Z">
          <params>
            <param index="0">
              <value>
                <![CDATA[chrome]]>
              </value>
            </param>
            <param index="1">
              <value>
                <![CDATA[2.46]]>
              </value>
            </param>
            <param index="2">
              <value>
                <![CDATA[https://www.beecow.com/market]]>
              </value>
            </param>
          </params>
          <reporter-output>
          </reporter-output>
        </test-method> <!-- beforeClass -->
        <test-method status="PASS" signature="beforeMethod()[pri:0, instance:com.becow.testcases.UploadProductScripts@6a4f787b]" name="beforeMethod" is-config="true" duration-ms="7602" started-at="2019-04-20T07:32:31Z" finished-at="2019-04-20T07:32:38Z">
          <reporter-output>
          </reporter-output>
        </test-method> <!-- beforeMethod -->
        <test-method status="PASS" signature="TC_031()[pri:0, instance:com.becow.testcases.UploadProductScripts@6a4f787b]" name="TC_031" duration-ms="7356" started-at="2019-04-20T07:32:38Z" finished-at="2019-04-20T07:32:46Z">
          <reporter-output>
          </reporter-output>
        </test-method> <!-- TC_031 -->
        <test-method status="PASS" signature="beforeMethod()[pri:0, instance:com.becow.testcases.UploadProductScripts@6a4f787b]" name="beforeMethod" is-config="true" duration-ms="1188" started-at="2019-04-20T07:32:46Z" finished-at="2019-04-20T07:32:47Z">
          <reporter-output>
          </reporter-output>
        </test-method> <!-- beforeMethod -->
        <test-method status="PASS" signature="TC_032()[pri:0, instance:com.becow.testcases.UploadProductScripts@6a4f787b]" name="TC_032" duration-ms="6038" started-at="2019-04-20T07:32:47Z" finished-at="2019-04-20T07:32:53Z">
          <reporter-output>
          </reporter-output>
        </test-method> <!-- TC_032 -->
        <test-method status="PASS" signature="beforeMethod()[pri:0, instance:com.becow.testcases.UploadProductScripts@6a4f787b]" name="beforeMethod" is-config="true" duration-ms="1033" started-at="2019-04-20T07:32:53Z" finished-at="2019-04-20T07:32:54Z">
          <reporter-output>
          </reporter-output>
        </test-method> <!-- beforeMethod -->
        <test-method status="PASS" signature="TC_033()[pri:0, instance:com.becow.testcases.UploadProductScripts@6a4f787b]" name="TC_033" duration-ms="6407" started-at="2019-04-20T07:32:54Z" finished-at="2019-04-20T07:33:00Z">
          <reporter-output>
          </reporter-output>
        </test-method> <!-- TC_033 -->
        <test-method status="PASS" signature="afterClass()[pri:0, instance:com.becow.testcases.UploadProductScripts@6a4f787b]" name="afterClass" is-config="true" duration-ms="698" started-at="2019-04-20T07:33:00Z" finished-at="2019-04-20T07:33:01Z">
          <reporter-output>
          </reporter-output>
        </test-method> <!-- afterClass -->
      </class> <!-- com.becow.testcases.UploadProductScripts -->
    </test> <!-- Login guru on Chrome -->
  </suite> <!-- Suite -->
</testng-results>
